<?xml version="1.0" encoding="UTF-8"?>
<!-- Generated by org.testng.reporters.JUnitReportReporter -->
<testsuite hostname="DESKTOP-RI4ED80" failures="0" tests="2" name="testng.ClassC" time="0.004" errors="0" timestamp="2024-07-05T10:42:44 IST" skipped="0">
  <testcase classname="testng.ClassC" name="deleteBoardsPage" time="0.002"/>
  <system-out/>
  <testcase classname="testng.ClassC" name="createBoardsPage" time="0.002"/>
  <system-out/>
</testsuite> <!-- testng.ClassC -->
