<?xml version="1.0" encoding="UTF-8"?>
<!-- Generated by org.testng.reporters.JUnitReportReporter -->
<testsuite hostname="DESKTOP-RI4ED80" failures="0" tests="2" name="testng.ClassA" time="0.015" errors="0" timestamp="2024-07-05T10:42:44 IST" skipped="0">
  <testcase classname="testng.ClassA" name="login" time="0.002"/>
  <system-out/>
  <testcase classname="testng.ClassA" name="home" time="0.013"/>
  <system-out/>
</testsuite> <!-- testng.ClassA -->
