<?xml version="1.0" encoding="UTF-8"?>
<!-- Generated by org.testng.reporters.JUnitReportReporter -->
<testsuite hostname="DESKTOP-RI4ED80" failures="0" tests="3" name="testng.DemoScript1" time="27.308" errors="0" timestamp="2024-07-03T17:51:15 IST" skipped="0">
  <testcase classname="testng.DemoScript1" name="vtigerLogin" time="12.531"/>
  <system-out/>
  <testcase classname="testng.DemoScript1" name="trelloLogin" time="10.440"/>
  <system-out/>
  <testcase classname="testng.DemoScript1" name="fbLogin" time="4.337"/>
  <system-out/>
</testsuite> <!-- testng.DemoScript1 -->
